[+] Containers:
 |- [+] Container: /Game/TopDown/Maps/TopDownMap
 |   |- [+] ActorDescs:
 |   |   |- Guid:0A2F7FBE436854CF06810EB1B51E91A6 BaseClass: NativeClass:/Script/Landscape.LandscapeStreamingProxy Name:LandscapeStreamingProxy_660Z032FN5UVODDXR5EHYUG0I_62_2_2_0 Label:LandscapeStreamingProxy_2_2_0 SpatiallyLoaded:1 Bounds:IsValid=true, Min=(X=1583.114 Y=2145.562 Z=-36.206), Max=(X=7783.114 Y=8345.562 Z=163.794) RuntimeGrid:None EditorOnly:0 RuntimeOnly:0 HLODRelevant:1
 |   |   |- Guid:0A9BD571408E37B973D6B190ECAF81E3 BaseClass: NativeClass:/Script/Landscape.LandscapeStreamingProxy Name:LandscapeStreamingProxy_660Z032FN5UVODDXR5EHYUG0I_62_3_3_0 Label:LandscapeStreamingProxy_3_3_0 SpatiallyLoaded:1 Bounds:IsValid=true, Min=(X=7783.114 Y=8345.562 Z=-36.206), Max=(X=13983.114 Y=14545.562 Z=163.794) RuntimeGrid:None EditorOnly:0 RuntimeOnly:0 HLODRelevant:1
 |   |   |- Guid:0F2BC912480733A8F1736DA4E7CC535E BaseClass:/Game/TopDown/Blueprints/Farming/FarmTile.FarmTile_C NativeClass:/Script/Engine.Actor Name:FarmTile_C_UAID_74563C29DCC5B4AF01_2121922640 Label:FarmTile SpatiallyLoaded:1 Bounds:IsValid=true, Min=(X=824.000 Y=978.830 Z=-4.014), Max=(X=936.000 Y=1090.830 Z=171.986) RuntimeGrid:None EditorOnly:0 RuntimeOnly:0 HLODRelevant:0
 |   |   |- Guid:147C8D134B12D635012D5F8C57D2C96F BaseClass: NativeClass:/Script/Engine.PostProcessVolume Name:PostProcessVolume_1 Label:PostProcessVolume SpatiallyLoaded:0 Bounds:IsValid=true, Min=(X=0.000 Y=0.000 Z=400.000), Max=(X=200.000 Y=200.000 Z=600.000) RuntimeGrid:None EditorOnly:0 RuntimeOnly:0 HLODRelevant:0 FolderPath:Lighting FolderGuid:4C9334684BA61B42C769F799D2576455
 |   |   |- Guid:15575EFA4BF98A6656A41F9455FB7898 BaseClass: NativeClass:/Script/Landscape.LandscapeStreamingProxy Name:LandscapeStreamingProxy_660Z032FN5UVODDXR5EHYUG0I_62_2_0_0 Label:LandscapeStreamingProxy_2_0_0 SpatiallyLoaded:1 Bounds:IsValid=true, Min=(X=1583.114 Y=-10254.438 Z=-36.206), Max=(X=7783.114 Y=-4054.438 Z=163.794) RuntimeGrid:None EditorOnly:0 RuntimeOnly:0 HLODRelevant:1
 |   |   |- Guid:1644AB994BE8A11AA98B6B8DDC0FF34A BaseClass: NativeClass:/Script/Landscape.Landscape Name:Landscape_UAID_18C04D53B3D681B501_1629181018 Label:Landscape SpatiallyLoaded:0 Bounds:IsValid=true, Min=(X=-10816.886 Y=-10254.438 Z=63.794), Max=(X=-10816.886 Y=-10254.438 Z=63.794) RuntimeGrid:None EditorOnly:0 RuntimeOnly:0 HLODRelevant:0
 |   |   |- Guid:1742DF43475F097453197AA79C7473D9 BaseClass: NativeClass:/Script/Engine.SkyLight Name:SkyLight_1 Label:SkyLight SpatiallyLoaded:0 Bounds:IsValid=true, Min=(X=0.000 Y=0.000 Z=690.000), Max=(X=0.000 Y=0.000 Z=690.000) RuntimeGrid:None EditorOnly:0 RuntimeOnly:0 HLODRelevant:0 FolderPath:Lighting FolderGuid:4C9334684BA61B42C769F799D2576455
 |   |   |- Guid:1C2357644B8E6A17B3DCE18EEBA3CF8E BaseClass: NativeClass:/Script/Landscape.LandscapeStreamingProxy Name:LandscapeStreamingProxy_660Z032FN5UVODDXR5EHYUG0I_62_0_0_0 Label:LandscapeStreamingProxy_0_0_0 SpatiallyLoaded:1 Bounds:IsValid=true, Min=(X=-10816.886 Y=-10254.438 Z=-36.206), Max=(X=-4616.886 Y=-4054.438 Z=163.794) RuntimeGrid:None EditorOnly:0 RuntimeOnly:0 HLODRelevant:1
 |   |   |- Guid:1FEC8FAC495CEF0CE32492ADCBB96BAE BaseClass: NativeClass:/Script/AIModule.NavLinkProxy Name:NavLinkProxy_3 Label:NavLinkProxy3 SpatiallyLoaded:1 Bounds:IsValid=true, Min=(X=2240.000 Y=1030.000 Z=90.000), Max=(X=2240.000 Y=1030.000 Z=90.000) RuntimeGrid:None EditorOnly:0 RuntimeOnly:0 HLODRelevant:0 FolderPath:Navigation FolderGuid:AE45D61F453CC144CF8289862C276E89
 |   |   |- Guid:2169CB5C470E0E674279BA96829753DD BaseClass: NativeClass:/Script/Engine.StaticMeshActor Name:StaticMeshActor_17 Label:SM_Cube SpatiallyLoaded:1 Bounds:IsValid=true, Min=(X=0.000 Y=0.000 Z=-50.000), Max=(X=3000.000 Y=3500.000 Z=0.000) RuntimeGrid:None EditorOnly:0 RuntimeOnly:0 HLODRelevant:1 FolderPath:Playground FolderGuid:9FE5E8B349AF71F05F2688921F3F2AC5
 |   |   |- Guid:22058D3E471BD222D3D5BDB1FDAB5AA4 BaseClass:/Game/TopDown/Blueprints/RobotAutomation/Robot.Robot_C NativeClass:/Script/Engine.Character Name:Robot_C_UAID_703217D82BE64BB201_1774754327 Label:Robot SpatiallyLoaded:1 Bounds:IsValid=true, Min=(X=922.401 Y=1367.737 Z=185.808), Max=(X=990.401 Y=1451.331 Z=371.828) RuntimeGrid:None EditorOnly:0 RuntimeOnly:0 HLODRelevant:0
 |   |   |- Guid:2DF0D95440BE0EDA81652F860DC7268E BaseClass: NativeClass:/Script/Engine.WorldDataLayers Name:WorldDataLayers Label:WorldDataLayers SpatiallyLoaded:0 Bounds:IsValid=true, Min=(X=0.000 Y=0.000 Z=0.000), Max=(X=0.000 Y=0.000 Z=0.000) RuntimeGrid:None EditorOnly:0 RuntimeOnly:0 HLODRelevant:0
 |   |   |- Guid:355A134A4BAB4F76DA4DB19DA9E6A54B BaseClass: NativeClass:/Script/Landscape.LandscapeStreamingProxy Name:LandscapeStreamingProxy_660Z032FN5UVODDXR5EHYUG0I_62_0_3_0 Label:LandscapeStreamingProxy_0_3_0 SpatiallyLoaded:1 Bounds:IsValid=true, Min=(X=-10816.886 Y=8345.562 Z=-36.206), Max=(X=-4616.886 Y=14545.562 Z=163.794) RuntimeGrid:None EditorOnly:0 RuntimeOnly:0 HLODRelevant:1
 |   |   |- Guid:411518ED4BCE0FB03A06DAA6A8BDCCE5 BaseClass: NativeClass:/Script/Landscape.LandscapeStreamingProxy Name:LandscapeStreamingProxy_660Z032FN5UVODDXR5EHYUG0I_62_3_0_0 Label:LandscapeStreamingProxy_3_0_0 SpatiallyLoaded:1 Bounds:IsValid=true, Min=(X=7783.114 Y=-10254.438 Z=-36.206), Max=(X=13983.114 Y=-4054.438 Z=163.794) RuntimeGrid:None EditorOnly:0 RuntimeOnly:0 HLODRelevant:1
 |   |   |- Guid:4E18C8A74C067BCF09A722AA9AE99B7D BaseClass:/Game/TopDown/Blueprints/Farming/SampleSeed.SampleSeed_C NativeClass:/Script/Engine.Actor Name:SampleSeed_C_UAID_703217D82BE627B001_1848227879 Label:SampleSeed SpatiallyLoaded:1 Bounds:IsValid=true, Min=(X=1054.672 Y=1452.932 Z=4.282), Max=(X=1126.987 Y=1548.932 Z=28.831) RuntimeGrid:None EditorOnly:0 RuntimeOnly:0 HLODRelevant:0
 |   |   |- Guid:6252C7D64ACF162A73EE65B11FE214D1 BaseClass: NativeClass:/Script/Engine.SkyAtmosphere Name:SkyAtmosphere_1 Label:SkyAtmosphere SpatiallyLoaded:0 Bounds:IsValid=true, Min=(X=0.000 Y=0.000 Z=1020.000), Max=(X=0.000 Y=0.000 Z=1020.000) RuntimeGrid:None EditorOnly:0 RuntimeOnly:0 HLODRelevant:0 FolderPath:Lighting FolderGuid:4C9334684BA61B42C769F799D2576455
 |   |   |- Guid:62B0702D442356E1A069D383EA21175C BaseClass: NativeClass:/Script/Landscape.LandscapeStreamingProxy Name:LandscapeStreamingProxy_660Z032FN5UVODDXR5EHYUG0I_62_3_1_0 Label:LandscapeStreamingProxy_3_1_0 SpatiallyLoaded:1 Bounds:IsValid=true, Min=(X=7783.114 Y=-4054.438 Z=-36.206), Max=(X=13983.114 Y=2145.562 Z=163.794) RuntimeGrid:None EditorOnly:0 RuntimeOnly:0 HLODRelevant:1
 |   |   |- Guid:63615BCD40DF46B447163A881AE793D7 BaseClass: NativeClass:/Script/Landscape.LandscapeStreamingProxy Name:LandscapeStreamingProxy_660Z032FN5UVODDXR5EHYUG0I_62_2_1_0 Label:LandscapeStreamingProxy_2_1_0 SpatiallyLoaded:1 Bounds:IsValid=true, Min=(X=1583.114 Y=-4054.438 Z=-36.206), Max=(X=7783.114 Y=2145.562 Z=163.794) RuntimeGrid:None EditorOnly:0 RuntimeOnly:0 HLODRelevant:1
 |   |   |- Guid:66BCBF874D2A22ADC6523B95EE812CA3 BaseClass: NativeClass:/Script/Engine.StaticMeshActor Name:StaticMeshActor_UAID_A4AE111137DC5CFB00_1660657071 Label:SM_SkySphere SpatiallyLoaded:0 Bounds:IsValid=true, Min=(X=-1638400.000 Y=-1638400.000 Z=-1638400.000), Max=(X=1638400.000 Y=1638400.000 Z=1638400.000) RuntimeGrid:None EditorOnly:0 RuntimeOnly:0 HLODRelevant:1 FolderPath:Lighting FolderGuid:4C9334684BA61B42C769F799D2576455
 |   |   |- Guid:77F893B3468595EE782136AD620D7EF4 BaseClass: NativeClass:/Script/Engine.VolumetricCloud Name:VolumetricCloud_0 Label:VolumetricCloud SpatiallyLoaded:0 Bounds:IsValid=true, Min=(X=0.000 Y=0.000 Z=820.000), Max=(X=0.000 Y=0.000 Z=820.000) RuntimeGrid:None EditorOnly:0 RuntimeOnly:0 HLODRelevant:0 FolderPath:Lighting FolderGuid:4C9334684BA61B42C769F799D2576455
 |   |   |- Guid:7FA7CD7C43004FB724B133BF6C794760 BaseClass: NativeClass:/Script/Landscape.LandscapeStreamingProxy Name:LandscapeStreamingProxy_660Z032FN5UVODDXR5EHYUG0I_62_0_2_0 Label:LandscapeStreamingProxy_0_2_0 SpatiallyLoaded:1 Bounds:IsValid=true, Min=(X=-10816.886 Y=2145.562 Z=-36.206), Max=(X=-4616.886 Y=8345.562 Z=163.794) RuntimeGrid:None EditorOnly:0 RuntimeOnly:0 HLODRelevant:1
 |   |   |- Guid:8041107A448A7EA43E261EB01A371434 BaseClass: NativeClass:/Script/Landscape.LandscapeStreamingProxy Name:LandscapeStreamingProxy_660Z032FN5UVODDXR5EHYUG0I_62_1_3_0 Label:LandscapeStreamingProxy_1_3_0 SpatiallyLoaded:1 Bounds:IsValid=true, Min=(X=-4616.886 Y=8345.562 Z=-36.206), Max=(X=1583.114 Y=14545.562 Z=163.794) RuntimeGrid:None EditorOnly:0 RuntimeOnly:0 HLODRelevant:1
 |   |   |- Guid:8747FAED4EB5599CAE2734A9AF38BE7A BaseClass: NativeClass:/Script/Landscape.LandscapeStreamingProxy Name:LandscapeStreamingProxy_660Z032FN5UVODDXR5EHYUG0I_62_1_2_0 Label:LandscapeStreamingProxy_1_2_0 SpatiallyLoaded:1 Bounds:IsValid=true, Min=(X=-4616.886 Y=2145.562 Z=-36.206), Max=(X=1583.114 Y=8345.562 Z=163.794) RuntimeGrid:None EditorOnly:0 RuntimeOnly:0 HLODRelevant:1
 |   |   |- Guid:92D94A3A4449B9065236749A70977369 BaseClass:/Game/TopDown/Blueprints/RobotAutomation/ChargingStation.ChargingStation_C NativeClass:/Script/Engine.Actor Name:ChargingStation_C_UAID_703217D82BE64BB201_1853899328 Label:ChargingStation SpatiallyLoaded:1 Bounds:IsValid=true, Min=(X=1347.740 Y=1135.674 Z=9.564), Max=(X=1501.997 Y=1291.567 Z=73.564) RuntimeGrid:None EditorOnly:0 RuntimeOnly:0 HLODRelevant:0
 |   |   |- Guid:A610F63E44B9172FD2BAB295C228EDF4 BaseClass: NativeClass:/Script/Landscape.LandscapeStreamingProxy Name:LandscapeStreamingProxy_660Z032FN5UVODDXR5EHYUG0I_62_1_0_0 Label:LandscapeStreamingProxy_1_0_0 SpatiallyLoaded:1 Bounds:IsValid=true, Min=(X=-4616.886 Y=-10254.438 Z=-36.206), Max=(X=1583.114 Y=-4054.438 Z=163.794) RuntimeGrid:None EditorOnly:0 RuntimeOnly:0 HLODRelevant:1
 |   |   |- Guid:AECEEEE741E6DE68F6843FA49564A956 BaseClass: NativeClass:/Script/Engine.DirectionalLight Name:DirectionalLight_1 Label:DirectionalLight SpatiallyLoaded:0 Bounds:IsValid=true, Min=(X=-1048576.000 Y=-1048576.000 Z=-1048576.000), Max=(X=1048576.000 Y=1048576.000 Z=1048576.000) RuntimeGrid:None EditorOnly:0 RuntimeOnly:0 HLODRelevant:0 FolderPath:Lighting FolderGuid:4C9334684BA61B42C769F799D2576455
 |   |   |- Guid:BBB4B42C44EAA23A032068B0BD93A3F4 BaseClass: NativeClass:/Script/Landscape.LandscapeStreamingProxy Name:LandscapeStreamingProxy_660Z032FN5UVODDXR5EHYUG0I_62_3_2_0 Label:LandscapeStreamingProxy_3_2_0 SpatiallyLoaded:1 Bounds:IsValid=true, Min=(X=7783.114 Y=2145.562 Z=-36.206), Max=(X=13983.114 Y=8345.562 Z=163.794) RuntimeGrid:None EditorOnly:0 RuntimeOnly:0 HLODRelevant:1
 |   |   |- Guid:CCDD89584E0A9025F52AEDA51D60CA54 BaseClass: NativeClass:/Script/NavigationSystem.NavMeshBoundsVolume Name:NavMeshBoundsVolume_1 Label:NavMeshBoundsVolume SpatiallyLoaded:0 Bounds:IsValid=true, Min=(X=-100.000 Y=-100.000 Z=-110.000), Max=(X=3100.000 Y=3600.000 Z=390.000) RuntimeGrid:None EditorOnly:0 RuntimeOnly:0 HLODRelevant:0 FolderPath:Navigation FolderGuid:AE45D61F453CC144CF8289862C276E89
 |   |   |- Guid:D24D61B944EF71BE7BC469B7EB239299 BaseClass: NativeClass:/Script/Engine.ExponentialHeightFog Name:ExponentialHeightFog_1 Label:ExponentialHeightFog SpatiallyLoaded:0 Bounds:IsValid=true, Min=(X=-5600.000 Y=-50.000 Z=-6850.000), Max=(X=-5600.000 Y=-50.000 Z=-6850.000) RuntimeGrid:None EditorOnly:0 RuntimeOnly:0 HLODRelevant:0 FolderPath:Lighting FolderGuid:4C9334684BA61B42C769F799D2576455
 |   |   |- Guid:D90298444F179D5BD5CEC88F0590A51E BaseClass: NativeClass:/Script/Landscape.LandscapeStreamingProxy Name:LandscapeStreamingProxy_660Z032FN5UVODDXR5EHYUG0I_62_2_3_0 Label:LandscapeStreamingProxy_2_3_0 SpatiallyLoaded:1 Bounds:IsValid=true, Min=(X=1583.114 Y=8345.562 Z=-36.206), Max=(X=7783.114 Y=14545.562 Z=163.794) RuntimeGrid:None EditorOnly:0 RuntimeOnly:0 HLODRelevant:1
 |   |   |- Guid:DE3400244433C5E0B4B42D87726476B1 BaseClass:/Game/TopDown/Blueprints/Farming/FarmTile.FarmTile_C NativeClass:/Script/Engine.Actor Name:FarmTile_C_UAID_D85ED3AF9A3E82B401_1937405119 Label:FarmTile2 SpatiallyLoaded:1 Bounds:IsValid=true, Min=(X=1123.920 Y=978.830 Z=0.928), Max=(X=1235.920 Y=1090.830 Z=176.928) RuntimeGrid:None EditorOnly:0 RuntimeOnly:0 HLODRelevant:0
 |   |   |- Guid:EA71A77F46FF1DB30E7CF8963D1357A3 BaseClass: NativeClass:/Script/Landscape.LandscapeStreamingProxy Name:LandscapeStreamingProxy_660Z032FN5UVODDXR5EHYUG0I_62_1_1_0 Label:LandscapeStreamingProxy_1_1_0 SpatiallyLoaded:1 Bounds:IsValid=true, Min=(X=-4616.886 Y=-4054.438 Z=-36.206), Max=(X=1583.114 Y=2145.562 Z=163.794) RuntimeGrid:None EditorOnly:0 RuntimeOnly:0 HLODRelevant:1
 |   |   |- Guid:EC32502B4B3BFD4D1CD3ACB4D84C8416 BaseClass: NativeClass:/Script/Landscape.LandscapeStreamingProxy Name:LandscapeStreamingProxy_660Z032FN5UVODDXR5EHYUG0I_62_0_1_0 Label:LandscapeStreamingProxy_0_1_0 SpatiallyLoaded:1 Bounds:IsValid=true, Min=(X=-10816.886 Y=-4054.438 Z=-36.206), Max=(X=-4616.886 Y=2145.562 Z=163.794) RuntimeGrid:None EditorOnly:0 RuntimeOnly:0 HLODRelevant:1
 |   |   |- Guid:F33CC5014C49925B3A9D52A063AF483F BaseClass: NativeClass:/Script/Engine.PlayerStart Name:PlayerStart_0 Label:PlayerStart SpatiallyLoaded:0 Bounds:IsValid=true, Min=(X=960.000 Y=1770.000 Z=0.013), Max=(X=1040.000 Y=1850.000 Z=184.013) RuntimeGrid:None EditorOnly:0 RuntimeOnly:0 HLODRelevant:0
 |   |- [+] Clusters:
 |   |   |- [+] [  0]
 |   |   |   |- Guid:4E18C8A74C067BCF09A722AA9AE99B7D BaseClass:/Game/TopDown/Blueprints/Farming/SampleSeed.SampleSeed_C NativeClass:/Script/Engine.Actor Name:SampleSeed_C_UAID_703217D82BE627B001_1848227879 Label:SampleSeed SpatiallyLoaded:1 Bounds:IsValid=true, Min=(X=1054.672 Y=1452.932 Z=4.282), Max=(X=1126.987 Y=1548.932 Z=28.831) RuntimeGrid:None EditorOnly:0 RuntimeOnly:0 HLODRelevant:0
 |   |   |- [+] [  1]
 |   |   |   |- Guid:CCDD89584E0A9025F52AEDA51D60CA54 BaseClass: NativeClass:/Script/NavigationSystem.NavMeshBoundsVolume Name:NavMeshBoundsVolume_1 Label:NavMeshBoundsVolume SpatiallyLoaded:0 Bounds:IsValid=true, Min=(X=-100.000 Y=-100.000 Z=-110.000), Max=(X=3100.000 Y=3600.000 Z=390.000) RuntimeGrid:None EditorOnly:0 RuntimeOnly:0 HLODRelevant:0 FolderPath:Navigation FolderGuid:AE45D61F453CC144CF8289862C276E89
 |   |   |- [+] [  2]
 |   |   |   |- Guid:0F2BC912480733A8F1736DA4E7CC535E BaseClass:/Game/TopDown/Blueprints/Farming/FarmTile.FarmTile_C NativeClass:/Script/Engine.Actor Name:FarmTile_C_UAID_74563C29DCC5B4AF01_2121922640 Label:FarmTile SpatiallyLoaded:1 Bounds:IsValid=true, Min=(X=824.000 Y=978.830 Z=-4.014), Max=(X=936.000 Y=1090.830 Z=171.986) RuntimeGrid:None EditorOnly:0 RuntimeOnly:0 HLODRelevant:0
 |   |   |- [+] [  3]
 |   |   |   |- Guid:2169CB5C470E0E674279BA96829753DD BaseClass: NativeClass:/Script/Engine.StaticMeshActor Name:StaticMeshActor_17 Label:SM_Cube SpatiallyLoaded:1 Bounds:IsValid=true, Min=(X=0.000 Y=0.000 Z=-50.000), Max=(X=3000.000 Y=3500.000 Z=0.000) RuntimeGrid:None EditorOnly:0 RuntimeOnly:0 HLODRelevant:1 FolderPath:Playground FolderGuid:9FE5E8B349AF71F05F2688921F3F2AC5
 |   |   |- [+] [  4]
 |   |   |   |- Guid:1FEC8FAC495CEF0CE32492ADCBB96BAE BaseClass: NativeClass:/Script/AIModule.NavLinkProxy Name:NavLinkProxy_3 Label:NavLinkProxy3 SpatiallyLoaded:1 Bounds:IsValid=true, Min=(X=2240.000 Y=1030.000 Z=90.000), Max=(X=2240.000 Y=1030.000 Z=90.000) RuntimeGrid:None EditorOnly:0 RuntimeOnly:0 HLODRelevant:0 FolderPath:Navigation FolderGuid:AE45D61F453CC144CF8289862C276E89
 |   |   |- [+] [  5]
 |   |   |   |- Guid:6252C7D64ACF162A73EE65B11FE214D1 BaseClass: NativeClass:/Script/Engine.SkyAtmosphere Name:SkyAtmosphere_1 Label:SkyAtmosphere SpatiallyLoaded:0 Bounds:IsValid=true, Min=(X=0.000 Y=0.000 Z=1020.000), Max=(X=0.000 Y=0.000 Z=1020.000) RuntimeGrid:None EditorOnly:0 RuntimeOnly:0 HLODRelevant:0 FolderPath:Lighting FolderGuid:4C9334684BA61B42C769F799D2576455
 |   |   |- [+] [  6]
 |   |   |   |- Guid:D24D61B944EF71BE7BC469B7EB239299 BaseClass: NativeClass:/Script/Engine.ExponentialHeightFog Name:ExponentialHeightFog_1 Label:ExponentialHeightFog SpatiallyLoaded:0 Bounds:IsValid=true, Min=(X=-5600.000 Y=-50.000 Z=-6850.000), Max=(X=-5600.000 Y=-50.000 Z=-6850.000) RuntimeGrid:None EditorOnly:0 RuntimeOnly:0 HLODRelevant:0 FolderPath:Lighting FolderGuid:4C9334684BA61B42C769F799D2576455
 |   |   |- [+] [  7]
 |   |   |   |- Guid:77F893B3468595EE782136AD620D7EF4 BaseClass: NativeClass:/Script/Engine.VolumetricCloud Name:VolumetricCloud_0 Label:VolumetricCloud SpatiallyLoaded:0 Bounds:IsValid=true, Min=(X=0.000 Y=0.000 Z=820.000), Max=(X=0.000 Y=0.000 Z=820.000) RuntimeGrid:None EditorOnly:0 RuntimeOnly:0 HLODRelevant:0 FolderPath:Lighting FolderGuid:4C9334684BA61B42C769F799D2576455
 |   |   |- [+] [  8]
 |   |   |   |- Guid:F33CC5014C49925B3A9D52A063AF483F BaseClass: NativeClass:/Script/Engine.PlayerStart Name:PlayerStart_0 Label:PlayerStart SpatiallyLoaded:0 Bounds:IsValid=true, Min=(X=960.000 Y=1770.000 Z=0.013), Max=(X=1040.000 Y=1850.000 Z=184.013) RuntimeGrid:None EditorOnly:0 RuntimeOnly:0 HLODRelevant:0
 |   |   |- [+] [  9]
 |   |   |   |- Guid:DE3400244433C5E0B4B42D87726476B1 BaseClass:/Game/TopDown/Blueprints/Farming/FarmTile.FarmTile_C NativeClass:/Script/Engine.Actor Name:FarmTile_C_UAID_D85ED3AF9A3E82B401_1937405119 Label:FarmTile2 SpatiallyLoaded:1 Bounds:IsValid=true, Min=(X=1123.920 Y=978.830 Z=0.928), Max=(X=1235.920 Y=1090.830 Z=176.928) RuntimeGrid:None EditorOnly:0 RuntimeOnly:0 HLODRelevant:0
 |   |   |- [+] [ 10]
 |   |   |   |- Guid:22058D3E471BD222D3D5BDB1FDAB5AA4 BaseClass:/Game/TopDown/Blueprints/RobotAutomation/Robot.Robot_C NativeClass:/Script/Engine.Character Name:Robot_C_UAID_703217D82BE64BB201_1774754327 Label:Robot SpatiallyLoaded:1 Bounds:IsValid=true, Min=(X=922.401 Y=1367.737 Z=185.808), Max=(X=990.401 Y=1451.331 Z=371.828) RuntimeGrid:None EditorOnly:0 RuntimeOnly:0 HLODRelevant:0
 |   |   |- [+] [ 11]
 |   |   |   |- Guid:147C8D134B12D635012D5F8C57D2C96F BaseClass: NativeClass:/Script/Engine.PostProcessVolume Name:PostProcessVolume_1 Label:PostProcessVolume SpatiallyLoaded:0 Bounds:IsValid=true, Min=(X=0.000 Y=0.000 Z=400.000), Max=(X=200.000 Y=200.000 Z=600.000) RuntimeGrid:None EditorOnly:0 RuntimeOnly:0 HLODRelevant:0 FolderPath:Lighting FolderGuid:4C9334684BA61B42C769F799D2576455
 |   |   |- [+] [ 12]
 |   |   |   |- Guid:92D94A3A4449B9065236749A70977369 BaseClass:/Game/TopDown/Blueprints/RobotAutomation/ChargingStation.ChargingStation_C NativeClass:/Script/Engine.Actor Name:ChargingStation_C_UAID_703217D82BE64BB201_1853899328 Label:ChargingStation SpatiallyLoaded:1 Bounds:IsValid=true, Min=(X=1347.740 Y=1135.674 Z=9.564), Max=(X=1501.997 Y=1291.567 Z=73.564) RuntimeGrid:None EditorOnly:0 RuntimeOnly:0 HLODRelevant:0
 |   |   |- [+] [ 13]
 |   |   |   |- Guid:AECEEEE741E6DE68F6843FA49564A956 BaseClass: NativeClass:/Script/Engine.DirectionalLight Name:DirectionalLight_1 Label:DirectionalLight SpatiallyLoaded:0 Bounds:IsValid=true, Min=(X=-1048576.000 Y=-1048576.000 Z=-1048576.000), Max=(X=1048576.000 Y=1048576.000 Z=1048576.000) RuntimeGrid:None EditorOnly:0 RuntimeOnly:0 HLODRelevant:0 FolderPath:Lighting FolderGuid:4C9334684BA61B42C769F799D2576455
 |   |   |- [+] [ 14]
 |   |   |   |- Guid:2DF0D95440BE0EDA81652F860DC7268E BaseClass: NativeClass:/Script/Engine.WorldDataLayers Name:WorldDataLayers Label:WorldDataLayers SpatiallyLoaded:0 Bounds:IsValid=true, Min=(X=0.000 Y=0.000 Z=0.000), Max=(X=0.000 Y=0.000 Z=0.000) RuntimeGrid:None EditorOnly:0 RuntimeOnly:0 HLODRelevant:0
 |   |   |- [+] [ 15]
 |   |   |   |- Guid:66BCBF874D2A22ADC6523B95EE812CA3 BaseClass: NativeClass:/Script/Engine.StaticMeshActor Name:StaticMeshActor_UAID_A4AE111137DC5CFB00_1660657071 Label:SM_SkySphere SpatiallyLoaded:0 Bounds:IsValid=true, Min=(X=-1638400.000 Y=-1638400.000 Z=-1638400.000), Max=(X=1638400.000 Y=1638400.000 Z=1638400.000) RuntimeGrid:None EditorOnly:0 RuntimeOnly:0 HLODRelevant:1 FolderPath:Lighting FolderGuid:4C9334684BA61B42C769F799D2576455
 |   |   |- [+] [ 16]
 |   |   |   |- Guid:1742DF43475F097453197AA79C7473D9 BaseClass: NativeClass:/Script/Engine.SkyLight Name:SkyLight_1 Label:SkyLight SpatiallyLoaded:0 Bounds:IsValid=true, Min=(X=0.000 Y=0.000 Z=690.000), Max=(X=0.000 Y=0.000 Z=690.000) RuntimeGrid:None EditorOnly:0 RuntimeOnly:0 HLODRelevant:0 FolderPath:Lighting FolderGuid:4C9334684BA61B42C769F799D2576455
 |   |   |- [+] [ 17]
 |   |   |   |- Guid:1644AB994BE8A11AA98B6B8DDC0FF34A BaseClass: NativeClass:/Script/Landscape.Landscape Name:Landscape_UAID_18C04D53B3D681B501_1629181018 Label:Landscape SpatiallyLoaded:0 Bounds:IsValid=true, Min=(X=-10816.886 Y=-10254.438 Z=63.794), Max=(X=-10816.886 Y=-10254.438 Z=63.794) RuntimeGrid:None EditorOnly:0 RuntimeOnly:0 HLODRelevant:0
 |   |   |- [+] [ 18]
 |   |   |   |- Guid:1C2357644B8E6A17B3DCE18EEBA3CF8E BaseClass: NativeClass:/Script/Landscape.LandscapeStreamingProxy Name:LandscapeStreamingProxy_660Z032FN5UVODDXR5EHYUG0I_62_0_0_0 Label:LandscapeStreamingProxy_0_0_0 SpatiallyLoaded:1 Bounds:IsValid=true, Min=(X=-10816.886 Y=-10254.438 Z=-36.206), Max=(X=-4616.886 Y=-4054.438 Z=163.794) RuntimeGrid:None EditorOnly:0 RuntimeOnly:0 HLODRelevant:1
 |   |   |- [+] [ 19]
 |   |   |   |- Guid:A610F63E44B9172FD2BAB295C228EDF4 BaseClass: NativeClass:/Script/Landscape.LandscapeStreamingProxy Name:LandscapeStreamingProxy_660Z032FN5UVODDXR5EHYUG0I_62_1_0_0 Label:LandscapeStreamingProxy_1_0_0 SpatiallyLoaded:1 Bounds:IsValid=true, Min=(X=-4616.886 Y=-10254.438 Z=-36.206), Max=(X=1583.114 Y=-4054.438 Z=163.794) RuntimeGrid:None EditorOnly:0 RuntimeOnly:0 HLODRelevant:1
 |   |   |- [+] [ 20]
 |   |   |   |- Guid:15575EFA4BF98A6656A41F9455FB7898 BaseClass: NativeClass:/Script/Landscape.LandscapeStreamingProxy Name:LandscapeStreamingProxy_660Z032FN5UVODDXR5EHYUG0I_62_2_0_0 Label:LandscapeStreamingProxy_2_0_0 SpatiallyLoaded:1 Bounds:IsValid=true, Min=(X=1583.114 Y=-10254.438 Z=-36.206), Max=(X=7783.114 Y=-4054.438 Z=163.794) RuntimeGrid:None EditorOnly:0 RuntimeOnly:0 HLODRelevant:1
 |   |   |- [+] [ 21]
 |   |   |   |- Guid:411518ED4BCE0FB03A06DAA6A8BDCCE5 BaseClass: NativeClass:/Script/Landscape.LandscapeStreamingProxy Name:LandscapeStreamingProxy_660Z032FN5UVODDXR5EHYUG0I_62_3_0_0 Label:LandscapeStreamingProxy_3_0_0 SpatiallyLoaded:1 Bounds:IsValid=true, Min=(X=7783.114 Y=-10254.438 Z=-36.206), Max=(X=13983.114 Y=-4054.438 Z=163.794) RuntimeGrid:None EditorOnly:0 RuntimeOnly:0 HLODRelevant:1
 |   |   |- [+] [ 22]
 |   |   |   |- Guid:EC32502B4B3BFD4D1CD3ACB4D84C8416 BaseClass: NativeClass:/Script/Landscape.LandscapeStreamingProxy Name:LandscapeStreamingProxy_660Z032FN5UVODDXR5EHYUG0I_62_0_1_0 Label:LandscapeStreamingProxy_0_1_0 SpatiallyLoaded:1 Bounds:IsValid=true, Min=(X=-10816.886 Y=-4054.438 Z=-36.206), Max=(X=-4616.886 Y=2145.562 Z=163.794) RuntimeGrid:None EditorOnly:0 RuntimeOnly:0 HLODRelevant:1
 |   |   |- [+] [ 23]
 |   |   |   |- Guid:EA71A77F46FF1DB30E7CF8963D1357A3 BaseClass: NativeClass:/Script/Landscape.LandscapeStreamingProxy Name:LandscapeStreamingProxy_660Z032FN5UVODDXR5EHYUG0I_62_1_1_0 Label:LandscapeStreamingProxy_1_1_0 SpatiallyLoaded:1 Bounds:IsValid=true, Min=(X=-4616.886 Y=-4054.438 Z=-36.206), Max=(X=1583.114 Y=2145.562 Z=163.794) RuntimeGrid:None EditorOnly:0 RuntimeOnly:0 HLODRelevant:1
 |   |   |- [+] [ 24]
 |   |   |   |- Guid:63615BCD40DF46B447163A881AE793D7 BaseClass: NativeClass:/Script/Landscape.LandscapeStreamingProxy Name:LandscapeStreamingProxy_660Z032FN5UVODDXR5EHYUG0I_62_2_1_0 Label:LandscapeStreamingProxy_2_1_0 SpatiallyLoaded:1 Bounds:IsValid=true, Min=(X=1583.114 Y=-4054.438 Z=-36.206), Max=(X=7783.114 Y=2145.562 Z=163.794) RuntimeGrid:None EditorOnly:0 RuntimeOnly:0 HLODRelevant:1
 |   |   |- [+] [ 25]
 |   |   |   |- Guid:62B0702D442356E1A069D383EA21175C BaseClass: NativeClass:/Script/Landscape.LandscapeStreamingProxy Name:LandscapeStreamingProxy_660Z032FN5UVODDXR5EHYUG0I_62_3_1_0 Label:LandscapeStreamingProxy_3_1_0 SpatiallyLoaded:1 Bounds:IsValid=true, Min=(X=7783.114 Y=-4054.438 Z=-36.206), Max=(X=13983.114 Y=2145.562 Z=163.794) RuntimeGrid:None EditorOnly:0 RuntimeOnly:0 HLODRelevant:1
 |   |   |- [+] [ 26]
 |   |   |   |- Guid:7FA7CD7C43004FB724B133BF6C794760 BaseClass: NativeClass:/Script/Landscape.LandscapeStreamingProxy Name:LandscapeStreamingProxy_660Z032FN5UVODDXR5EHYUG0I_62_0_2_0 Label:LandscapeStreamingProxy_0_2_0 SpatiallyLoaded:1 Bounds:IsValid=true, Min=(X=-10816.886 Y=2145.562 Z=-36.206), Max=(X=-4616.886 Y=8345.562 Z=163.794) RuntimeGrid:None EditorOnly:0 RuntimeOnly:0 HLODRelevant:1
 |   |   |- [+] [ 27]
 |   |   |   |- Guid:8747FAED4EB5599CAE2734A9AF38BE7A BaseClass: NativeClass:/Script/Landscape.LandscapeStreamingProxy Name:LandscapeStreamingProxy_660Z032FN5UVODDXR5EHYUG0I_62_1_2_0 Label:LandscapeStreamingProxy_1_2_0 SpatiallyLoaded:1 Bounds:IsValid=true, Min=(X=-4616.886 Y=2145.562 Z=-36.206), Max=(X=1583.114 Y=8345.562 Z=163.794) RuntimeGrid:None EditorOnly:0 RuntimeOnly:0 HLODRelevant:1
 |   |   |- [+] [ 28]
 |   |   |   |- Guid:0A2F7FBE436854CF06810EB1B51E91A6 BaseClass: NativeClass:/Script/Landscape.LandscapeStreamingProxy Name:LandscapeStreamingProxy_660Z032FN5UVODDXR5EHYUG0I_62_2_2_0 Label:LandscapeStreamingProxy_2_2_0 SpatiallyLoaded:1 Bounds:IsValid=true, Min=(X=1583.114 Y=2145.562 Z=-36.206), Max=(X=7783.114 Y=8345.562 Z=163.794) RuntimeGrid:None EditorOnly:0 RuntimeOnly:0 HLODRelevant:1
 |   |   |- [+] [ 29]
 |   |   |   |- Guid:BBB4B42C44EAA23A032068B0BD93A3F4 BaseClass: NativeClass:/Script/Landscape.LandscapeStreamingProxy Name:LandscapeStreamingProxy_660Z032FN5UVODDXR5EHYUG0I_62_3_2_0 Label:LandscapeStreamingProxy_3_2_0 SpatiallyLoaded:1 Bounds:IsValid=true, Min=(X=7783.114 Y=2145.562 Z=-36.206), Max=(X=13983.114 Y=8345.562 Z=163.794) RuntimeGrid:None EditorOnly:0 RuntimeOnly:0 HLODRelevant:1
 |   |   |- [+] [ 30]
 |   |   |   |- Guid:355A134A4BAB4F76DA4DB19DA9E6A54B BaseClass: NativeClass:/Script/Landscape.LandscapeStreamingProxy Name:LandscapeStreamingProxy_660Z032FN5UVODDXR5EHYUG0I_62_0_3_0 Label:LandscapeStreamingProxy_0_3_0 SpatiallyLoaded:1 Bounds:IsValid=true, Min=(X=-10816.886 Y=8345.562 Z=-36.206), Max=(X=-4616.886 Y=14545.562 Z=163.794) RuntimeGrid:None EditorOnly:0 RuntimeOnly:0 HLODRelevant:1
 |   |   |- [+] [ 31]
 |   |   |   |- Guid:8041107A448A7EA43E261EB01A371434 BaseClass: NativeClass:/Script/Landscape.LandscapeStreamingProxy Name:LandscapeStreamingProxy_660Z032FN5UVODDXR5EHYUG0I_62_1_3_0 Label:LandscapeStreamingProxy_1_3_0 SpatiallyLoaded:1 Bounds:IsValid=true, Min=(X=-4616.886 Y=8345.562 Z=-36.206), Max=(X=1583.114 Y=14545.562 Z=163.794) RuntimeGrid:None EditorOnly:0 RuntimeOnly:0 HLODRelevant:1
 |   |   |- [+] [ 32]
 |   |   |   |- Guid:D90298444F179D5BD5CEC88F0590A51E BaseClass: NativeClass:/Script/Landscape.LandscapeStreamingProxy Name:LandscapeStreamingProxy_660Z032FN5UVODDXR5EHYUG0I_62_2_3_0 Label:LandscapeStreamingProxy_2_3_0 SpatiallyLoaded:1 Bounds:IsValid=true, Min=(X=1583.114 Y=8345.562 Z=-36.206), Max=(X=7783.114 Y=14545.562 Z=163.794) RuntimeGrid:None EditorOnly:0 RuntimeOnly:0 HLODRelevant:1
 |   |   |- [+] [ 33]
 |   |   |   |- Guid:0A9BD571408E37B973D6B190ECAF81E3 BaseClass: NativeClass:/Script/Landscape.LandscapeStreamingProxy Name:LandscapeStreamingProxy_660Z032FN5UVODDXR5EHYUG0I_62_3_3_0 Label:LandscapeStreamingProxy_3_3_0 SpatiallyLoaded:1 Bounds:IsValid=true, Min=(X=7783.114 Y=8345.562 Z=-36.206), Max=(X=13983.114 Y=14545.562 Z=163.794) RuntimeGrid:None EditorOnly:0 RuntimeOnly:0 HLODRelevant:1
 |- ContainerInstances:
 |- [+] MainContainer:
 |   |-        ID: 0x0000000000000000
 |   |-    Bounds: IsValid=false, Min=(X=0.000 Y=0.000 Z=0.000), Max=(X=0.000 Y=0.000 Z=0.000)
 |   |- Transform: 0.000000,0.000000,0.000000|0.000000,0.000000,-0.000000|1.000000,1.000000,1.000000
 |   |- Container: /Game/TopDown/Maps/TopDownMap
----------------------------------------------------------------------------------------------------------------
TopDownMap - Persistent Level
----------------------------------------------------------------------------------------------------------------
Always loaded Actor Count: 44 

----------------------------------------------------------------------------------------------------------------
TopDownMap - Runtime Spatial Hash - Streaming Grid - MainGrid
----------------------------------------------------------------------------------------------------------------
            Origin: X=0.000 Y=0.000 Z=0.000
         Cell Size: 12800
      World Bounds: IsValid=false, Min=(X=0.000 Y=0.000 Z=0.000), Max=(X=0.000 Y=0.000 Z=0.000)
     Loading Range: 25600.00
Block Slow Loading: No
 ClientOnlyVisible: No

[+] Grid Levels: 1
 |- Level  0: Cell Count    0 | Cell Size   12800 | Actor Count    0 (0.0%)

[+] Content of Grid Level 0

